-encoding
UTF-8
-outxml
-source
1.6
-target
1.6
-classpath
/home/ilya/.m2/repository/aopalliance/aopalliance/1.0/aopalliance-1.0.jar:/home/ilya/.m2/repository/cglib/cglib-nodep/2.2.2/cglib-nodep-2.2.2.jar:/home/ilya/.m2/repository/commons-beanutils/commons-beanutils/1.8.3/commons-beanutils-1.8.3.jar:/home/ilya/.m2/repository/commons-codec/commons-codec/1.5/commons-codec-1.5.jar:/home/ilya/.m2/repository/commons-dbcp/commons-dbcp/1.3/commons-dbcp-1.3.jar:/home/ilya/.m2/repository/commons-digester/commons-digester/2.1/commons-digester-2.1.jar:/home/ilya/.m2/repository/commons-fileupload/commons-fileupload/1.2.2/commons-fileupload-1.2.2.jar:/home/ilya/.m2/repository/commons-io/commons-io/2.1/commons-io-2.1.jar:/home/ilya/.m2/repository/commons-pool/commons-pool/1.5.6/commons-pool-1.5.6.jar:/home/ilya/.m2/repository/javax/el/el-api/1.0/el-api-1.0.jar:/home/ilya/.m2/repository/javax/servlet/servlet-api/2.5/servlet-api-2.5.jar:/home/ilya/.m2/repository/javax/servlet/jsp/jsp-api/2.1/jsp-api-2.1.jar:/home/ilya/.m2/repository/javax/servlet/jsp/jstl/jstl-api/1.2/jstl-api-1.2.jar:/home/ilya/.m2/repository/javax/transaction/jta/1.1/jta-1.1.jar:/home/ilya/.m2/repository/javax/validation/validation-api/1.0.0.GA/validation-api-1.0.0.GA.jar:/home/ilya/.m2/repository/joda-time/joda-time/1.6/joda-time-1.6.jar:/home/ilya/.m2/repository/log4j/log4j/1.2.16/log4j-1.2.16.jar:/home/ilya/.m2/repository/mysql/mysql-connector-java/5.1.18/mysql-connector-java-5.1.18.jar:/home/ilya/.m2/repository/net/sf/flexjson/flexjson/2.1/flexjson-2.1.jar:/home/ilya/.m2/repository/org/apache/commons/commons-lang3/3.1/commons-lang3-3.1.jar:/home/ilya/.m2/repository/org/apache/tiles/tiles-api/2.2.2/tiles-api-2.2.2.jar:/home/ilya/.m2/repository/org/apache/tiles/tiles-core/2.2.2/tiles-core-2.2.2.jar:/home/ilya/.m2/repository/org/apache/tiles/tiles-jsp/2.2.2/tiles-jsp-2.2.2.jar:/home/ilya/.m2/repository/org/apache/tiles/tiles-servlet/2.2.2/tiles-servlet-2.2.2.jar:/home/ilya/.m2/repository/org/apache/tiles/tiles-template/2.2.2/tiles-template-2.2.2.jar:/home/ilya/.m2/repository/org/aspectj/aspectjrt/1.6.12/aspectjrt-1.6.12.jar:/home/ilya/.m2/repository/org/aspectj/aspectjweaver/1.6.12/aspectjweaver-1.6.12.jar:/home/ilya/.m2/repository/org/eclipse/persistence/eclipselink/2.2.1/eclipselink-2.2.1.jar:/home/ilya/.m2/repository/org/eclipse/persistence/javax.persistence/2.0.3/javax.persistence-2.0.3.jar:/home/ilya/.m2/repository/org/glassfish/web/jstl-impl/1.2/jstl-impl-1.2.jar:/home/ilya/.m2/repository/org/hibernate/hibernate-validator/4.2.0.Final/hibernate-validator-4.2.0.Final.jar:/home/ilya/.m2/repository/org/slf4j/jcl-over-slf4j/1.6.4/jcl-over-slf4j-1.6.4.jar:/home/ilya/.m2/repository/org/slf4j/slf4j-api/1.6.4/slf4j-api-1.6.4.jar:/home/ilya/.m2/repository/org/slf4j/slf4j-log4j12/1.6.4/slf4j-log4j12-1.6.4.jar:/home/ilya/.m2/repository/org/springframework/spring-aop/3.1.0.RELEASE/spring-aop-3.1.0.RELEASE.jar:/home/ilya/.m2/repository/org/springframework/spring-asm/3.1.0.RELEASE/spring-asm-3.1.0.RELEASE.jar:/home/ilya/.m2/repository/org/springframework/spring-aspects/3.1.0.RELEASE/spring-aspects-3.1.0.RELEASE.jar:/home/ilya/.m2/repository/org/springframework/spring-beans/3.1.0.RELEASE/spring-beans-3.1.0.RELEASE.jar:/home/ilya/.m2/repository/org/springframework/spring-context/3.1.0.RELEASE/spring-context-3.1.0.RELEASE.jar:/home/ilya/.m2/repository/org/springframework/spring-context-support/3.1.0.RELEASE/spring-context-support-3.1.0.RELEASE.jar:/home/ilya/.m2/repository/org/springframework/spring-core/3.1.0.RELEASE/spring-core-3.1.0.RELEASE.jar:/home/ilya/.m2/repository/org/springframework/spring-expression/3.1.0.RELEASE/spring-expression-3.1.0.RELEASE.jar:/home/ilya/.m2/repository/org/springframework/spring-jdbc/3.1.0.RELEASE/spring-jdbc-3.1.0.RELEASE.jar:/home/ilya/.m2/repository/org/springframework/spring-orm/3.1.0.RELEASE/spring-orm-3.1.0.RELEASE.jar:/home/ilya/.m2/repository/org/springframework/spring-tx/3.1.0.RELEASE/spring-tx-3.1.0.RELEASE.jar:/home/ilya/.m2/repository/org/springframework/spring-web/3.1.0.RELEASE/spring-web-3.1.0.RELEASE.jar:/home/ilya/.m2/repository/org/springframework/spring-webmvc/3.1.0.RELEASE/spring-webmvc-3.1.0.RELEASE.jar:/home/ilya/.m2/repository/org/springframework/roo/org.springframework.roo.annotations/1.2.1.RELEASE/org.springframework.roo.annotations-1.2.1.RELEASE.jar:/home/ilya/.m2/repository/org/springframework/security/spring-security-acl/3.1.0.RELEASE/spring-security-acl-3.1.0.RELEASE.jar:/home/ilya/.m2/repository/org/springframework/security/spring-security-config/3.1.0.RELEASE/spring-security-config-3.1.0.RELEASE.jar:/home/ilya/.m2/repository/org/springframework/security/spring-security-core/3.1.0.RELEASE/spring-security-core-3.1.0.RELEASE.jar:/home/ilya/.m2/repository/org/springframework/security/spring-security-crypto/3.1.0.RELEASE/spring-security-crypto-3.1.0.RELEASE.jar:/home/ilya/.m2/repository/org/springframework/security/spring-security-taglibs/3.1.0.RELEASE/spring-security-taglibs-3.1.0.RELEASE.jar:/home/ilya/.m2/repository/org/springframework/security/spring-security-web/3.1.0.RELEASE/spring-security-web-3.1.0.RELEASE.jar:/home/ilya/.m2/repository/org/springframework/webflow/spring-js-resources/2.2.1.RELEASE/spring-js-resources-2.2.1.RELEASE.jar:/home/ilya/git/Ambience/ambience/target/classes
-aspectpath
/home/ilya/.m2/repository/org/springframework/spring-aspects/3.1.0.RELEASE/spring-aspects-3.1.0.RELEASE.jar
-d
/home/ilya/git/Ambience/ambience/target/classes
/home/ilya/git/Ambience/ambience/src/main/java/g5/ambience/domain/BundleEntity_Roo_Configurable.aj
/home/ilya/git/Ambience/ambience/src/main/java/g5/ambience/domain/ApplicationConversionServiceFactoryBean_Roo_ConversionService.aj
/home/ilya/git/Ambience/ambience/src/main/java/g5/ambience/domain/UserEntity_Roo_ToString.aj
/home/ilya/git/Ambience/ambience/src/main/java/g5/ambience/domain/UserEntity_Roo_DbManaged.aj
/home/ilya/git/Ambience/ambience/src/main/java/g5/ambience/domain/UserEntity_Roo_Jpa_ActiveRecord.aj
/home/ilya/git/Ambience/ambience/src/main/java/g5/ambience/domain/BundleEntityPK_Roo_Configurable.aj
/home/ilya/git/Ambience/ambience/src/main/java/g5/ambience/domain/ItemEntity_Roo_Configurable.aj
/home/ilya/git/Ambience/ambience/src/main/java/g5/ambience/domain/ItemEntity_Roo_Jpa_ActiveRecord.aj
/home/ilya/git/Ambience/ambience/src/main/java/g5/ambience/domain/BundleEntityPK_Roo_Identifier.aj
/home/ilya/git/Ambience/ambience/src/main/java/g5/ambience/domain/UserEntityController.java
/home/ilya/git/Ambience/ambience/src/main/java/g5/ambience/domain/BundleEntity_Roo_DbManaged.aj
/home/ilya/git/Ambience/ambience/src/main/java/g5/ambience/domain/BundleEntity.java
/home/ilya/git/Ambience/ambience/src/main/java/g5/ambience/domain/BundleEntityController.java
/home/ilya/git/Ambience/ambience/src/main/java/g5/ambience/domain/BundleEntityPK.java
/home/ilya/git/Ambience/ambience/src/main/java/g5/ambience/domain/ItemEntity_Roo_DbManaged.aj
/home/ilya/git/Ambience/ambience/src/main/java/g5/ambience/domain/ApplicationConversionServiceFactoryBean.java
/home/ilya/git/Ambience/ambience/src/main/java/g5/ambience/domain/UserEntity.java
/home/ilya/git/Ambience/ambience/src/main/java/g5/ambience/domain/BundleEntityController_Roo_Controller.aj
/home/ilya/git/Ambience/ambience/src/main/java/g5/ambience/domain/ItemEntity.java
/home/ilya/git/Ambience/ambience/src/main/java/g5/ambience/domain/UserEntityController_Roo_Controller.aj
/home/ilya/git/Ambience/ambience/src/main/java/g5/ambience/domain/UserEntity_Roo_Jpa_Entity.aj
/home/ilya/git/Ambience/ambience/src/main/java/g5/ambience/domain/UserEntity_Roo_Configurable.aj
/home/ilya/git/Ambience/ambience/src/main/java/g5/ambience/domain/BundleEntityPK_Roo_Json.aj
/home/ilya/git/Ambience/ambience/src/main/java/g5/ambience/domain/BundleEntity_Roo_ToString.aj
/home/ilya/git/Ambience/ambience/src/main/java/g5/ambience/domain/ItemEntity_Roo_Jpa_Entity.aj
/home/ilya/git/Ambience/ambience/src/main/java/g5/ambience/domain/BundleEntity_Roo_Jpa_ActiveRecord.aj
/home/ilya/git/Ambience/ambience/src/main/java/g5/ambience/domain/ItemEntity_Roo_ToString.aj
/home/ilya/git/Ambience/ambience/src/main/java/g5/ambience/domain/ItemEntityController.java
/home/ilya/git/Ambience/ambience/src/main/java/g5/ambience/domain/ItemEntityController_Roo_Controller.aj
/home/ilya/git/Ambience/ambience/src/main/java/g5/ambience/domain/BundleEntityPK_Roo_Serializable.aj
/home/ilya/git/Ambience/ambience/src/main/java/g5/ambience/domain/BundleEntity_Roo_Jpa_Entity.aj
